

================================================================
== Vivado HLS Report for 'fir'
================================================================
* Date:           Tue Aug 25 15:35:27 2020

* Version:        2018.3 (Build 2405991 on Thu Dec 06 23:56:15 MST 2018)
* Project:        Vivado_HLS
* Solution:       solution1
* Product family: aartix7
* Target device:  xa7a12tcsg325-1q


================================================================
== Performance Estimates
================================================================
+ Timing (ns): 
    * Summary: 
    +--------+-------+----------+------------+
    |  Clock | Target| Estimated| Uncertainty|
    +--------+-------+----------+------------+
    |ap_clk  |  10.00|     8.470|        1.25|
    +--------+-------+----------+------------+

+ Latency (clock cycles): 
    * Summary: 
    +-----+-----+-----+-----+---------+
    |  Latency  |  Interval | Pipeline|
    | min | max | min | max |   Type  |
    +-----+-----+-----+-----+---------+
    |   23|   45|   23|   45|   none  |
    +-----+-----+-----+-----+---------+

    + Detail: 
        * Instance: 
        N/A

        * Loop: 
        +--------------------+-----+-----+----------+-----------+-----------+------+----------+
        |                    |  Latency  | Iteration|  Initiation Interval  | Trip |          |
        |      Loop Name     | min | max |  Latency |  achieved |   target  | Count| Pipelined|
        +--------------------+-----+-----+----------+-----------+-----------+------+----------+
        |- Shift_Accum_Loop  |   22|   44|   2 ~ 4  |          -|          -|    11|    no    |
        +--------------------+-----+-----+----------+-----------+-----------+------+----------+

============================================================
+ Verbose Summary: Synthesis Manager
============================================================
InlineROM: 1
ExposeGlobal: 0
============================================================
+ Verbose Summary: CDFG Model
============================================================
IsTopModel: 1
ResetActiveHigh: 1
IsCombinational: 0
IsDatapathOnly: 0
HasWiredReturn: 1
HasMFsm: 0
HasVarLatency: 1
IsPipeline: 0
IsRtlPipelined: 0
IsInstanceOverlapped: 0
IsDontTouch: 0
HasImplIP: 0
IsGatedGlobalClock: 0


============================================================
+ Verbose Summary: Schedule
============================================================
* Number of FSM states : 5
* Pipeline : 0
* Dataflow Pipeline: 0

* FSM state transitions: 
1 --> 
	2  / true
2 --> 
	3  / (!tmp & !tmp_1)
	5  / (!tmp & tmp_1)
3 --> 
	4  / true
4 --> 
	5  / true
5 --> 
	2  / true

* FSM state operations: 

State 1 <SV = 0> <Delay = 8.47>
ST_1 : Operation 6 [1/1] (0.00ns)   --->   "call void (...)* @_ssdm_op_SpecBitsMap(i32* %y) nounwind, !map !7"   --->   Operation 6 'specbitsmap' <Predicate = true> <Delay = 0.00>
ST_1 : Operation 7 [1/1] (0.00ns)   --->   "call void (...)* @_ssdm_op_SpecBitsMap(i32 %x) nounwind, !map !13"   --->   Operation 7 'specbitsmap' <Predicate = true> <Delay = 0.00>
ST_1 : Operation 8 [1/1] (0.00ns)   --->   "call void (...)* @_ssdm_op_SpecTopModule([4 x i8]* @fir_str) nounwind"   --->   Operation 8 'spectopmodule' <Predicate = true> <Delay = 0.00>
ST_1 : Operation 9 [1/1] (0.00ns)   --->   "%x_read = call i32 @_ssdm_op_Read.ap_auto.i32(i32 %x) nounwind" [fir.cpp:8]   --->   Operation 9 'read' 'x_read' <Predicate = true> <Delay = 0.00>
ST_1 : Operation 10 [1/1] (8.47ns)   --->   "%tmp_2 = mul nsw i32 %x_read, 53" [fir.cpp:20]   --->   Operation 10 'mul' 'tmp_2' <Predicate = true> <Delay = 8.47> <Core = "Mul">   --->   Core 16 'Mul' <Latency = 0> <II = 1> <Delay = 8.47> <FuncUnit> <Opcode : 'mul'> <InPorts = 2> <OutPorts = 1>
ST_1 : Operation 11 [1/1] (1.66ns)   --->   "br label %1" [fir.cpp:18]   --->   Operation 11 'br' <Predicate = true> <Delay = 1.66>

State 2 <SV = 1> <Delay = 4.01>
ST_2 : Operation 12 [1/1] (0.00ns)   --->   "%acc = phi i32 [ 0, %0 ], [ %acc_1, %5 ]"   --->   Operation 12 'phi' 'acc' <Predicate = true> <Delay = 0.00>
ST_2 : Operation 13 [1/1] (0.00ns)   --->   "%i = phi i5 [ 10, %0 ], [ %i_1, %5 ]"   --->   Operation 13 'phi' 'i' <Predicate = true> <Delay = 0.00>
ST_2 : Operation 14 [1/1] (0.00ns)   --->   "%i_cast = sext i5 %i to i32" [fir.cpp:18]   --->   Operation 14 'sext' 'i_cast' <Predicate = true> <Delay = 0.00>
ST_2 : Operation 15 [1/1] (0.00ns)   --->   "%tmp = call i1 @_ssdm_op_BitSelect.i1.i5.i32(i5 %i, i32 4)" [fir.cpp:18]   --->   Operation 15 'bitselect' 'tmp' <Predicate = true> <Delay = 0.00>
ST_2 : Operation 16 [1/1] (0.00ns)   --->   "%empty = call i32 (...)* @_ssdm_op_SpecLoopTripCount(i64 11, i64 11, i64 11) nounwind"   --->   Operation 16 'speclooptripcount' 'empty' <Predicate = true> <Delay = 0.00>
ST_2 : Operation 17 [1/1] (0.00ns)   --->   "br i1 %tmp, label %6, label %2" [fir.cpp:18]   --->   Operation 17 'br' <Predicate = true> <Delay = 0.00>
ST_2 : Operation 18 [1/1] (0.00ns)   --->   "call void (...)* @_ssdm_op_SpecLoopName([17 x i8]* @p_str) nounwind" [fir.cpp:18]   --->   Operation 18 'specloopname' <Predicate = (!tmp)> <Delay = 0.00>
ST_2 : Operation 19 [1/1] (1.44ns)   --->   "%tmp_1 = icmp eq i5 %i, 0" [fir.cpp:19]   --->   Operation 19 'icmp' 'tmp_1' <Predicate = (!tmp)> <Delay = 1.44> <Core = "Cmp">   --->   Core 25 'Cmp' <Latency = 0> <II = 1> <Delay = 1.44> <FuncUnit> <Opcode : 'icmp'> <InPorts = 2> <OutPorts = 1>
ST_2 : Operation 20 [1/1] (0.00ns)   --->   "br i1 %tmp_1, label %3, label %4" [fir.cpp:19]   --->   Operation 20 'br' <Predicate = (!tmp)> <Delay = 0.00>
ST_2 : Operation 21 [1/1] (1.86ns)   --->   "%tmp_3 = add i5 %i, -1" [fir.cpp:23]   --->   Operation 21 'add' 'tmp_3' <Predicate = (!tmp & !tmp_1)> <Delay = 1.86> <Core = "AddSub">   --->   Core 14 'AddSub' <Latency = 0> <II = 1> <Delay = 1.86> <FuncUnit> <Opcode : 'add' 'sub'> <InPorts = 2> <OutPorts = 1>
ST_2 : Operation 22 [1/1] (0.00ns)   --->   "%tmp_4 = zext i5 %tmp_3 to i64" [fir.cpp:23]   --->   Operation 22 'zext' 'tmp_4' <Predicate = (!tmp & !tmp_1)> <Delay = 0.00>
ST_2 : Operation 23 [1/1] (0.00ns)   --->   "%shift_reg_addr = getelementptr inbounds [11 x i32]* @shift_reg, i64 0, i64 %tmp_4" [fir.cpp:23]   --->   Operation 23 'getelementptr' 'shift_reg_addr' <Predicate = (!tmp & !tmp_1)> <Delay = 0.00>
ST_2 : Operation 24 [2/2] (2.15ns)   --->   "%shift_reg_load = load i32* %shift_reg_addr, align 4" [fir.cpp:23]   --->   Operation 24 'load' 'shift_reg_load' <Predicate = (!tmp & !tmp_1)> <Delay = 2.15> <Core = "RAM">   --->   Core 37 'RAM' <Latency = 1> <II = 1> <Delay = 2.15> <Storage> <Opcode : 'load' 'store'> <Ports = 2> <Width = 32> <Depth = 11> <RAM>
ST_2 : Operation 25 [1/1] (0.00ns)   --->   "%tmp_5 = zext i32 %i_cast to i64" [fir.cpp:23]   --->   Operation 25 'zext' 'tmp_5' <Predicate = (!tmp & !tmp_1)> <Delay = 0.00>
ST_2 : Operation 26 [1/1] (0.00ns)   --->   "%C1_addr = getelementptr [11 x i10]* @C1, i64 0, i64 %tmp_5" [fir.cpp:24]   --->   Operation 26 'getelementptr' 'C1_addr' <Predicate = (!tmp & !tmp_1)> <Delay = 0.00>
ST_2 : Operation 27 [2/2] (3.25ns)   --->   "%C1_load = load i10* %C1_addr, align 2" [fir.cpp:24]   --->   Operation 27 'load' 'C1_load' <Predicate = (!tmp & !tmp_1)> <Delay = 3.25> <Core = "ROM_nP">   --->   Core 52 'ROM_nP' <Latency = 1> <II = 1> <Delay = 3.25> <Storage> <Opcode : 'load'> <Ports = 0> <Width = 10> <Depth = 11> <ROM>
ST_2 : Operation 28 [1/1] (2.15ns)   --->   "store i32 %x_read, i32* getelementptr inbounds ([11 x i32]* @shift_reg, i64 0, i64 0), align 16" [fir.cpp:21]   --->   Operation 28 'store' <Predicate = (!tmp & tmp_1)> <Delay = 2.15> <Core = "RAM">   --->   Core 37 'RAM' <Latency = 1> <II = 1> <Delay = 2.15> <Storage> <Opcode : 'load' 'store'> <Ports = 2> <Width = 32> <Depth = 11> <RAM>
ST_2 : Operation 29 [1/1] (1.66ns)   --->   "br label %5" [fir.cpp:22]   --->   Operation 29 'br' <Predicate = (!tmp & tmp_1)> <Delay = 1.66>
ST_2 : Operation 30 [1/1] (0.00ns)   --->   "call void @_ssdm_op_Write.ap_auto.i32P(i32* %y, i32 %acc) nounwind" [fir.cpp:27]   --->   Operation 30 'write' <Predicate = (tmp)> <Delay = 0.00>
ST_2 : Operation 31 [1/1] (0.00ns)   --->   "ret void" [fir.cpp:28]   --->   Operation 31 'ret' <Predicate = (tmp)> <Delay = 0.00>

State 3 <SV = 2> <Delay = 4.30>
ST_3 : Operation 32 [1/2] (2.15ns)   --->   "%shift_reg_load = load i32* %shift_reg_addr, align 4" [fir.cpp:23]   --->   Operation 32 'load' 'shift_reg_load' <Predicate = true> <Delay = 2.15> <Core = "RAM">   --->   Core 37 'RAM' <Latency = 1> <II = 1> <Delay = 2.15> <Storage> <Opcode : 'load' 'store'> <Ports = 2> <Width = 32> <Depth = 11> <RAM>
ST_3 : Operation 33 [1/1] (0.00ns)   --->   "%shift_reg_addr_1 = getelementptr inbounds [11 x i32]* @shift_reg, i64 0, i64 %tmp_5" [fir.cpp:23]   --->   Operation 33 'getelementptr' 'shift_reg_addr_1' <Predicate = true> <Delay = 0.00>
ST_3 : Operation 34 [1/1] (2.15ns)   --->   "store i32 %shift_reg_load, i32* %shift_reg_addr_1, align 4" [fir.cpp:23]   --->   Operation 34 'store' <Predicate = true> <Delay = 2.15> <Core = "RAM">   --->   Core 37 'RAM' <Latency = 1> <II = 1> <Delay = 2.15> <Storage> <Opcode : 'load' 'store'> <Ports = 2> <Width = 32> <Depth = 11> <RAM>
ST_3 : Operation 35 [1/2] (3.25ns)   --->   "%C1_load = load i10* %C1_addr, align 2" [fir.cpp:24]   --->   Operation 35 'load' 'C1_load' <Predicate = true> <Delay = 3.25> <Core = "ROM_nP">   --->   Core 52 'ROM_nP' <Latency = 1> <II = 1> <Delay = 3.25> <Storage> <Opcode : 'load'> <Ports = 0> <Width = 10> <Depth = 11> <ROM>

State 4 <SV = 3> <Delay = 8.47>
ST_4 : Operation 36 [1/1] (0.00ns)   --->   "%C1_load_cast = sext i10 %C1_load to i32" [fir.cpp:24]   --->   Operation 36 'sext' 'C1_load_cast' <Predicate = true> <Delay = 0.00>
ST_4 : Operation 37 [1/1] (8.47ns)   --->   "%tmp_6 = mul nsw i32 %shift_reg_load, %C1_load_cast" [fir.cpp:24]   --->   Operation 37 'mul' 'tmp_6' <Predicate = true> <Delay = 8.47> <Core = "Mul">   --->   Core 16 'Mul' <Latency = 0> <II = 1> <Delay = 8.47> <FuncUnit> <Opcode : 'mul'> <InPorts = 2> <OutPorts = 1>

State 5 <SV = 4> <Delay = 4.36>
ST_5 : Operation 38 [1/1] (1.66ns)   --->   "br label %5"   --->   Operation 38 'br' <Predicate = (!tmp_1)> <Delay = 1.66>
ST_5 : Operation 39 [1/1] (0.00ns) (grouped into LUT with out node acc_1)   --->   "%p_pn = phi i32 [ %tmp_2, %3 ], [ %tmp_6, %4 ]" [fir.cpp:20]   --->   Operation 39 'phi' 'p_pn' <Predicate = true> <Delay = 0.00>
ST_5 : Operation 40 [1/1] (2.70ns) (out node of the LUT)   --->   "%acc_1 = add nsw i32 %p_pn, %acc" [fir.cpp:20]   --->   Operation 40 'add' 'acc_1' <Predicate = true> <Delay = 2.70> <Core = "AddSub">   --->   Core 14 'AddSub' <Latency = 0> <II = 1> <Delay = 1.86> <FuncUnit> <Opcode : 'add' 'sub'> <InPorts = 2> <OutPorts = 1>
ST_5 : Operation 41 [1/1] (1.86ns)   --->   "%i_1 = add i5 %i, -1" [fir.cpp:18]   --->   Operation 41 'add' 'i_1' <Predicate = true> <Delay = 1.86> <Core = "AddSub">   --->   Core 14 'AddSub' <Latency = 0> <II = 1> <Delay = 1.86> <FuncUnit> <Opcode : 'add' 'sub'> <InPorts = 2> <OutPorts = 1>
ST_5 : Operation 42 [1/1] (0.00ns)   --->   "br label %1" [fir.cpp:18]   --->   Operation 42 'br' <Predicate = true> <Delay = 0.00>


============================================================
+ Verbose Summary: Timing violations
============================================================
Target clock period: 10ns, clock uncertainty: 1.25ns.

 <State 1>: 8.47ns
The critical path consists of the following:
	wire read on port 'x' (fir.cpp:8) [8]  (0 ns)
	'mul' operation ('tmp_2', fir.cpp:20) [9]  (8.47 ns)

 <State 2>: 4.01ns
The critical path consists of the following:
	'phi' operation ('i') with incoming values : ('i', fir.cpp:18) [13]  (0 ns)
	'add' operation ('tmp_3', fir.cpp:23) [23]  (1.86 ns)
	'getelementptr' operation ('shift_reg_addr', fir.cpp:23) [25]  (0 ns)
	'load' operation ('shift_reg_load', fir.cpp:23) on array 'shift_reg' [26]  (2.15 ns)

 <State 3>: 4.3ns
The critical path consists of the following:
	'load' operation ('shift_reg_load', fir.cpp:23) on array 'shift_reg' [26]  (2.15 ns)
	'store' operation (fir.cpp:23) of variable 'shift_reg_load', fir.cpp:23 on array 'shift_reg' [29]  (2.15 ns)

 <State 4>: 8.47ns
The critical path consists of the following:
	'mul' operation ('tmp_6', fir.cpp:24) [33]  (8.47 ns)

 <State 5>: 4.37ns
The critical path consists of the following:
	multiplexor before 'phi' operation ('p_pn', fir.cpp:20) with incoming values : ('tmp_2', fir.cpp:20) ('tmp_6', fir.cpp:24) [39]  (1.66 ns)
	'phi' operation ('p_pn', fir.cpp:20) with incoming values : ('tmp_2', fir.cpp:20) ('tmp_6', fir.cpp:24) [39]  (0 ns)
	'add' operation ('acc', fir.cpp:20) [40]  (2.7 ns)


============================================================
+ Verbose Summary: Binding
============================================================
N/A
* FSMD analyzer results:
  - Output states:
 - Input state : 
  - Chain level:
	State 1
	State 2
	State 3
	State 4
	State 5


============================================================
+ Verbose Summary: Datapath Resource usage 
============================================================
N/A
